<?xml version="1.0" encoding="UTF-8"?>
<robot generator="Robot 7.4.2 (Python 3.12.5 on win32)" generated="2026-04-02T15:38:04.066702" rpa="false" schemaversion="5">
<suite id="s1" name="Test Login" source="C:\Users\BHAVRAJ SAIREM\Desktop\sauce-demo\tests\functional\test_login.robot">
<test id="s1-t1" name="TC01 Register User" line="9">
<kw name="Open Applications" owner="common_resources" type="SETUP">
<kw name="Open Browser" owner="SeleniumLibrary">
<msg time="2026-04-02T15:38:04.543803" level="INFO">Opening browser 'chrome' to base url 'https://sauce-demo.myshopify.com/account/login'.</msg>
<arg>${url}</arg>
<arg>${BROWSER}</arg>
<doc>Opens a new browser instance to the optional ``url``.</doc>
<status status="PASS" start="2026-04-02T15:38:04.543803" elapsed="6.746639"/>
</kw>
<kw name="Maximize Browser Window" owner="SeleniumLibrary">
<doc>Maximizes current browser window.</doc>
<status status="PASS" start="2026-04-02T15:38:11.291439" elapsed="0.066517"/>
</kw>
<arg>https://sauce-demo.myshopify.com/account/login</arg>
<doc>Opens the application</doc>
<status status="PASS" start="2026-04-02T15:38:04.538623" elapsed="6.819333"/>
</kw>
<kw name="log In To The Application" owner="login_page">
<kw name="Click Element" owner="SeleniumLibrary">
<msg time="2026-04-02T15:38:11.361955" level="INFO">Clicking element 'xpath=//input[@id='customer_email']'.</msg>
<arg>${login_link}</arg>
<doc>Click the element identified by ``locator``.</doc>
<status status="PASS" start="2026-04-02T15:38:11.359955" elapsed="0.136800"/>
</kw>
<kw name="Log" owner="BuiltIn">
<msg time="2026-04-02T15:38:11.497755" level="INFO">Clicking on log in link</msg>
<arg>Clicking on log in link</arg>
<doc>Logs the given message with the given level.</doc>
<status status="PASS" start="2026-04-02T15:38:11.496755" elapsed="0.001000"/>
</kw>
<kw name="Input Text" owner="SeleniumLibrary">
<msg time="2026-04-02T15:38:11.498754" level="INFO">Typing text 'password123' into text field 'xpath=//input[@id='customer_password']'.</msg>
<arg>${login_pw}</arg>
<arg>${pwd}</arg>
<doc>Types the given ``text`` into the text field identified by ``locator``.</doc>
<status status="PASS" start="2026-04-02T15:38:11.497755" elapsed="0.153925"/>
</kw>
<kw name="Log" owner="BuiltIn">
<msg time="2026-04-02T15:38:11.652746" level="INFO">Entering password</msg>
<arg>Entering password</arg>
<doc>Logs the given message with the given level.</doc>
<status status="PASS" start="2026-04-02T15:38:11.652746" elapsed="0.000000"/>
</kw>
<kw name="Click Element" owner="SeleniumLibrary">
<msg time="2026-04-02T15:38:11.653744" level="INFO">Clicking element 'xpath=//input[@value='Sign In']'.</msg>
<arg>${login_btn}</arg>
<doc>Click the element identified by ``locator``.</doc>
<status status="PASS" start="2026-04-02T15:38:11.652746" elapsed="0.094524"/>
</kw>
<kw name="Log" owner="BuiltIn">
<msg time="2026-04-02T15:38:11.747270" level="INFO">Clicking on login button</msg>
<arg>Clicking on login button</arg>
<doc>Logs the given message with the given level.</doc>
<status status="PASS" start="2026-04-02T15:38:11.747270" elapsed="0.000000"/>
</kw>
<arg>tonylovescheeseburger@gmail.com</arg>
<arg>password123</arg>
<doc>This is for loging in to the application</doc>
<status status="PASS" start="2026-04-02T15:38:11.358956" elapsed="0.388314"/>
</kw>
<kw name="CLose Applications" owner="common_resources" type="TEARDOWN">
<kw name="Close All Browsers" owner="SeleniumLibrary">
<doc>Closes all open browsers and resets the browser cache.</doc>
<status status="PASS" start="2026-04-02T15:38:11.747270" elapsed="6.597374"/>
</kw>
<status status="PASS" start="2026-04-02T15:38:11.747270" elapsed="6.597374"/>
</kw>
<doc>Checking if the user can login or not</doc>
<tag>functional</tag>
<status status="PASS" start="2026-04-02T15:38:04.538623" elapsed="13.807008"/>
</test>
<status status="PASS" start="2026-04-02T15:38:04.066702" elapsed="14.279920"/>
</suite>
<statistics>
<total>
<stat pass="1" fail="0" skip="0">All Tests</stat>
</total>
<tag>
<stat pass="1" fail="0" skip="0">functional</stat>
</tag>
<suite>
<stat name="Test Login" id="s1" pass="1" fail="0" skip="0">Test Login</stat>
</suite>
</statistics>
<errors>
</errors>
</robot>
