<?xml version="1.0" encoding="UTF-8"?>
<robot generator="Robot 7.4.2 (Python 3.12.5 on win32)" generated="2026-04-04T11:44:53.831337" rpa="false" schemaversion="5">
<suite id="s1" name="Sauce-Demo" source="C:\Users\BHAVRAJ SAIREM\Desktop\sauce-demo">
<suite id="s1-s1" name="Tests" source="C:\Users\BHAVRAJ SAIREM\Desktop\sauce-demo\tests">
<suite id="s1-s1-s1" name="Test Datadriven Loginpage" source="C:\Users\BHAVRAJ SAIREM\Desktop\sauce-demo\tests\test_datadriven_loginpage.robot">
<test id="s1-s1-s1-t1" name="Excel Data Driven Testing" line="19">
<kw name="Open Applications" owner="common_resources" type="SETUP">
<kw name="Open Browser" owner="SeleniumLibrary">
<msg time="2026-04-04T11:44:56.659412" level="INFO">Opening browser 'chrome' to base url 'https://www.saucedemo.com/'.</msg>
<arg>${url}</arg>
<arg>${BROWSER}</arg>
<doc>Opens a new browser instance to the optional ``url``.</doc>
<status status="PASS" start="2026-04-04T11:44:56.659412" elapsed="5.198007"/>
</kw>
<kw name="Maximize Browser Window" owner="SeleniumLibrary">
<doc>Maximizes current browser window.</doc>
<status status="PASS" start="2026-04-04T11:45:01.858451" elapsed="0.042751"/>
</kw>
<arg>https://www.saucedemo.com/</arg>
<doc>Opens the application</doc>
<status status="PASS" start="2026-04-04T11:44:56.657328" elapsed="5.245343"/>
</kw>
<kw name="Login to application using excel">
<kw name="Input Text" owner="SeleniumLibrary">
<msg time="2026-04-04T11:45:01.907669" level="INFO">Typing text 'standard_user' into text field 'id=user-name'.</msg>
<arg>${USERNAME}</arg>
<arg>${user_creds}</arg>
<doc>Types the given ``text`` into the text field identified by ``locator``.</doc>
<status status="PASS" start="2026-04-04T11:45:01.906653" elapsed="0.321842"/>
</kw>
<kw name="Input Text" owner="SeleniumLibrary">
<msg time="2026-04-04T11:45:02.229495" level="INFO">Typing text 'secret_sauce' into text field 'id=password'.</msg>
<arg>${PASSWORD}</arg>
<arg>${pass_creds}</arg>
<doc>Types the given ``text`` into the text field identified by ``locator``.</doc>
<status status="PASS" start="2026-04-04T11:45:02.228495" elapsed="0.210243"/>
</kw>
<kw name="Click Button" owner="SeleniumLibrary">
<msg time="2026-04-04T11:45:02.439802" level="INFO">Clicking button 'id=login-button'.</msg>
<arg>${LOGINBTN}</arg>
<doc>Clicks the button identified by ``locator``.</doc>
<status status="PASS" start="2026-04-04T11:45:02.438738" elapsed="0.250876"/>
</kw>
<arg>user_creds=standard_user</arg>
<arg>pass_creds=secret_sauce</arg>
<status status="PASS" start="2026-04-04T11:45:01.905667" elapsed="0.783947"/>
</kw>
<kw name="CLose Applications" owner="common_resources" type="TEARDOWN">
<kw name="Close All Browsers" owner="SeleniumLibrary">
<doc>Closes all open browsers and resets the browser cache.</doc>
<status status="PASS" start="2026-04-04T11:45:02.691614" elapsed="6.741501"/>
</kw>
<status status="PASS" start="2026-04-04T11:45:02.691614" elapsed="6.741501"/>
</kw>
<doc>This test case is to perform data driven testing from excel</doc>
<tag>data_driven</tag>
<status status="PASS" start="2026-04-04T11:44:56.654697" elapsed="12.779946"/>
</test>
<test id="s1-s1-s1-t2" name="Excel Data Driven Testing" line="19">
<kw name="Open Applications" owner="common_resources" type="SETUP">
<kw name="Open Browser" owner="SeleniumLibrary">
<msg time="2026-04-04T11:45:09.441566" level="INFO">Opening browser 'chrome' to base url 'https://www.saucedemo.com/'.</msg>
<arg>${url}</arg>
<arg>${BROWSER}</arg>
<doc>Opens a new browser instance to the optional ``url``.</doc>
<status status="PASS" start="2026-04-04T11:45:09.440567" elapsed="5.068358"/>
</kw>
<kw name="Maximize Browser Window" owner="SeleniumLibrary">
<doc>Maximizes current browser window.</doc>
<status status="PASS" start="2026-04-04T11:45:14.508925" elapsed="0.063084"/>
</kw>
<arg>https://www.saucedemo.com/</arg>
<doc>Opens the application</doc>
<status status="PASS" start="2026-04-04T11:45:09.440567" elapsed="5.132441"/>
</kw>
<kw name="Login to application using excel">
<kw name="Input Text" owner="SeleniumLibrary">
<msg time="2026-04-04T11:45:14.576040" level="INFO">Typing text 'locked_out_user' into text field 'id=user-name'.</msg>
<arg>${USERNAME}</arg>
<arg>${user_creds}</arg>
<doc>Types the given ``text`` into the text field identified by ``locator``.</doc>
<status status="PASS" start="2026-04-04T11:45:14.576040" elapsed="0.291018"/>
</kw>
<kw name="Input Text" owner="SeleniumLibrary">
<msg time="2026-04-04T11:45:14.868093" level="INFO">Typing text 'secret_sauce' into text field 'id=password'.</msg>
<arg>${PASSWORD}</arg>
<arg>${pass_creds}</arg>
<doc>Types the given ``text`` into the text field identified by ``locator``.</doc>
<status status="PASS" start="2026-04-04T11:45:14.868093" elapsed="0.192542"/>
</kw>
<kw name="Click Button" owner="SeleniumLibrary">
<msg time="2026-04-04T11:45:15.061805" level="INFO">Clicking button 'id=login-button'.</msg>
<arg>${LOGINBTN}</arg>
<doc>Clicks the button identified by ``locator``.</doc>
<status status="PASS" start="2026-04-04T11:45:15.060635" elapsed="0.201371"/>
</kw>
<arg>user_creds=locked_out_user</arg>
<arg>pass_creds=secret_sauce</arg>
<status status="PASS" start="2026-04-04T11:45:14.574030" elapsed="0.687976"/>
</kw>
<kw name="CLose Applications" owner="common_resources" type="TEARDOWN">
<kw name="Close All Browsers" owner="SeleniumLibrary">
<doc>Closes all open browsers and resets the browser cache.</doc>
<status status="PASS" start="2026-04-04T11:45:15.263033" elapsed="6.650283"/>
</kw>
<status status="PASS" start="2026-04-04T11:45:15.263033" elapsed="6.650283"/>
</kw>
<doc>This test case is to perform data driven testing from excel</doc>
<tag>data_driven</tag>
<status status="PASS" start="2026-04-04T11:45:09.435758" elapsed="12.478787"/>
</test>
<test id="s1-s1-s1-t3" name="Excel Data Driven Testing" line="19">
<kw name="Open Applications" owner="common_resources" type="SETUP">
<kw name="Open Browser" owner="SeleniumLibrary">
<msg time="2026-04-04T11:45:21.920163" level="INFO">Opening browser 'chrome' to base url 'https://www.saucedemo.com/'.</msg>
<arg>${url}</arg>
<arg>${BROWSER}</arg>
<doc>Opens a new browser instance to the optional ``url``.</doc>
<status status="PASS" start="2026-04-04T11:45:21.920163" elapsed="5.095978"/>
</kw>
<kw name="Maximize Browser Window" owner="SeleniumLibrary">
<doc>Maximizes current browser window.</doc>
<status status="PASS" start="2026-04-04T11:45:27.016141" elapsed="0.055401"/>
</kw>
<arg>https://www.saucedemo.com/</arg>
<doc>Opens the application</doc>
<status status="PASS" start="2026-04-04T11:45:21.919654" elapsed="5.151888"/>
</kw>
<kw name="Login to application using excel">
<kw name="Input Text" owner="SeleniumLibrary">
<msg time="2026-04-04T11:45:27.075893" level="INFO">Typing text 'problem_user' into text field 'id=user-name'.</msg>
<arg>${USERNAME}</arg>
<arg>${user_creds}</arg>
<doc>Types the given ``text`` into the text field identified by ``locator``.</doc>
<status status="PASS" start="2026-04-04T11:45:27.074878" elapsed="0.268654"/>
</kw>
<kw name="Input Text" owner="SeleniumLibrary">
<msg time="2026-04-04T11:45:27.344555" level="INFO">Typing text 'secret_sauce' into text field 'id=password'.</msg>
<arg>${PASSWORD}</arg>
<arg>${pass_creds}</arg>
<doc>Types the given ``text`` into the text field identified by ``locator``.</doc>
<status status="PASS" start="2026-04-04T11:45:27.343532" elapsed="0.187896"/>
</kw>
<kw name="Click Button" owner="SeleniumLibrary">
<msg time="2026-04-04T11:45:27.532448" level="INFO">Clicking button 'id=login-button'.</msg>
<arg>${LOGINBTN}</arg>
<doc>Clicks the button identified by ``locator``.</doc>
<status status="PASS" start="2026-04-04T11:45:27.532448" elapsed="0.238086"/>
</kw>
<arg>user_creds=problem_user</arg>
<arg>pass_creds=secret_sauce</arg>
<status status="PASS" start="2026-04-04T11:45:27.073550" elapsed="0.696984"/>
</kw>
<kw name="CLose Applications" owner="common_resources" type="TEARDOWN">
<kw name="Close All Browsers" owner="SeleniumLibrary">
<doc>Closes all open browsers and resets the browser cache.</doc>
<status status="PASS" start="2026-04-04T11:45:27.772913" elapsed="6.670756"/>
</kw>
<status status="PASS" start="2026-04-04T11:45:27.772913" elapsed="6.672220"/>
</kw>
<doc>This test case is to perform data driven testing from excel</doc>
<tag>data_driven</tag>
<status status="PASS" start="2026-04-04T11:45:21.915612" elapsed="12.530571"/>
</test>
<test id="s1-s1-s1-t4" name="Excel Data Driven Testing" line="19">
<kw name="Open Applications" owner="common_resources" type="SETUP">
<kw name="Open Browser" owner="SeleniumLibrary">
<msg time="2026-04-04T11:45:34.451701" level="INFO">Opening browser 'chrome' to base url 'https://www.saucedemo.com/'.</msg>
<arg>${url}</arg>
<arg>${BROWSER}</arg>
<doc>Opens a new browser instance to the optional ``url``.</doc>
<status status="PASS" start="2026-04-04T11:45:34.450699" elapsed="4.765693"/>
</kw>
<kw name="Maximize Browser Window" owner="SeleniumLibrary">
<doc>Maximizes current browser window.</doc>
<status status="PASS" start="2026-04-04T11:45:39.216392" elapsed="0.054740"/>
</kw>
<arg>https://www.saucedemo.com/</arg>
<doc>Opens the application</doc>
<status status="PASS" start="2026-04-04T11:45:34.450699" elapsed="4.820433"/>
</kw>
<kw name="Login to application using excel">
<kw name="Input Text" owner="SeleniumLibrary">
<msg time="2026-04-04T11:45:39.274330" level="INFO">Typing text 'performance_glitch_user' into text field 'id=user-name'.</msg>
<arg>${USERNAME}</arg>
<arg>${user_creds}</arg>
<doc>Types the given ``text`` into the text field identified by ``locator``.</doc>
<status status="PASS" start="2026-04-04T11:45:39.273342" elapsed="0.310444"/>
</kw>
<kw name="Input Text" owner="SeleniumLibrary">
<msg time="2026-04-04T11:45:39.585866" level="INFO">Typing text 'secret_sauce' into text field 'id=password'.</msg>
<arg>${PASSWORD}</arg>
<arg>${pass_creds}</arg>
<doc>Types the given ``text`` into the text field identified by ``locator``.</doc>
<status status="PASS" start="2026-04-04T11:45:39.584785" elapsed="0.198890"/>
</kw>
<kw name="Click Button" owner="SeleniumLibrary">
<msg time="2026-04-04T11:45:39.784691" level="INFO">Clicking button 'id=login-button'.</msg>
<arg>${LOGINBTN}</arg>
<doc>Clicks the button identified by ``locator``.</doc>
<status status="PASS" start="2026-04-04T11:45:39.783675" elapsed="5.243615"/>
</kw>
<arg>user_creds=performance_glitch_user</arg>
<arg>pass_creds=secret_sauce</arg>
<status status="PASS" start="2026-04-04T11:45:39.272332" elapsed="5.754958"/>
</kw>
<kw name="CLose Applications" owner="common_resources" type="TEARDOWN">
<kw name="Close All Browsers" owner="SeleniumLibrary">
<doc>Closes all open browsers and resets the browser cache.</doc>
<status status="PASS" start="2026-04-04T11:45:45.029304" elapsed="6.695060"/>
</kw>
<status status="PASS" start="2026-04-04T11:45:45.028298" elapsed="6.696066"/>
</kw>
<doc>This test case is to perform data driven testing from excel</doc>
<tag>data_driven</tag>
<status status="PASS" start="2026-04-04T11:45:34.447429" elapsed="17.278056"/>
</test>
<test id="s1-s1-s1-t5" name="Excel Data Driven Testing" line="19">
<kw name="Open Applications" owner="common_resources" type="SETUP">
<kw name="Open Browser" owner="SeleniumLibrary">
<msg time="2026-04-04T11:45:51.731306" level="INFO">Opening browser 'chrome' to base url 'https://www.saucedemo.com/'.</msg>
<arg>${url}</arg>
<arg>${BROWSER}</arg>
<doc>Opens a new browser instance to the optional ``url``.</doc>
<status status="PASS" start="2026-04-04T11:45:51.731306" elapsed="5.007883"/>
</kw>
<kw name="Maximize Browser Window" owner="SeleniumLibrary">
<doc>Maximizes current browser window.</doc>
<status status="PASS" start="2026-04-04T11:45:56.739189" elapsed="0.052736"/>
</kw>
<arg>https://www.saucedemo.com/</arg>
<doc>Opens the application</doc>
<status status="PASS" start="2026-04-04T11:45:51.730250" elapsed="5.062689"/>
</kw>
<kw name="Login to application using excel">
<kw name="Input Text" owner="SeleniumLibrary">
<msg time="2026-04-04T11:45:56.795925" level="INFO">Typing text 'error_user' into text field 'id=user-name'.</msg>
<arg>${USERNAME}</arg>
<arg>${user_creds}</arg>
<doc>Types the given ``text`` into the text field identified by ``locator``.</doc>
<status status="PASS" start="2026-04-04T11:45:56.795925" elapsed="0.319260"/>
</kw>
<kw name="Input Text" owner="SeleniumLibrary">
<msg time="2026-04-04T11:45:57.116152" level="INFO">Typing text 'secret_sauce' into text field 'id=password'.</msg>
<arg>${PASSWORD}</arg>
<arg>${pass_creds}</arg>
<doc>Types the given ``text`` into the text field identified by ``locator``.</doc>
<status status="PASS" start="2026-04-04T11:45:57.115185" elapsed="0.189534"/>
</kw>
<kw name="Click Button" owner="SeleniumLibrary">
<msg time="2026-04-04T11:45:57.306141" level="INFO">Clicking button 'id=login-button'.</msg>
<arg>${LOGINBTN}</arg>
<doc>Clicks the button identified by ``locator``.</doc>
<status status="PASS" start="2026-04-04T11:45:57.304719" elapsed="0.234892"/>
</kw>
<arg>user_creds=error_user</arg>
<arg>pass_creds=secret_sauce</arg>
<status status="PASS" start="2026-04-04T11:45:56.794925" elapsed="0.745684"/>
</kw>
<kw name="CLose Applications" owner="common_resources" type="TEARDOWN">
<kw name="Close All Browsers" owner="SeleniumLibrary">
<doc>Closes all open browsers and resets the browser cache.</doc>
<status status="PASS" start="2026-04-04T11:45:57.541610" elapsed="6.707381"/>
</kw>
<status status="PASS" start="2026-04-04T11:45:57.541610" elapsed="6.707381"/>
</kw>
<doc>This test case is to perform data driven testing from excel</doc>
<tag>data_driven</tag>
<status status="PASS" start="2026-04-04T11:45:51.726682" elapsed="12.523556"/>
</test>
<test id="s1-s1-s1-t6" name="Excel Data Driven Testing" line="19">
<kw name="Open Applications" owner="common_resources" type="SETUP">
<kw name="Open Browser" owner="SeleniumLibrary">
<msg time="2026-04-04T11:46:04.256179" level="INFO">Opening browser 'chrome' to base url 'https://www.saucedemo.com/'.</msg>
<arg>${url}</arg>
<arg>${BROWSER}</arg>
<doc>Opens a new browser instance to the optional ``url``.</doc>
<status status="PASS" start="2026-04-04T11:46:04.255100" elapsed="4.345759"/>
</kw>
<kw name="Maximize Browser Window" owner="SeleniumLibrary">
<doc>Maximizes current browser window.</doc>
<status status="PASS" start="2026-04-04T11:46:08.601855" elapsed="0.623268"/>
</kw>
<arg>https://www.saucedemo.com/</arg>
<doc>Opens the application</doc>
<status status="PASS" start="2026-04-04T11:46:04.255100" elapsed="4.971026"/>
</kw>
<kw name="Login to application using excel">
<kw name="Input Text" owner="SeleniumLibrary">
<msg time="2026-04-04T11:46:09.229162" level="INFO">Typing text 'visual_user' into text field 'id=user-name'.</msg>
<arg>${USERNAME}</arg>
<arg>${user_creds}</arg>
<doc>Types the given ``text`` into the text field identified by ``locator``.</doc>
<status status="PASS" start="2026-04-04T11:46:09.229162" elapsed="0.297578"/>
</kw>
<kw name="Input Text" owner="SeleniumLibrary">
<msg time="2026-04-04T11:46:09.529182" level="INFO">Typing text 'secret_sauce' into text field 'id=password'.</msg>
<arg>${PASSWORD}</arg>
<arg>${pass_creds}</arg>
<doc>Types the given ``text`` into the text field identified by ``locator``.</doc>
<status status="PASS" start="2026-04-04T11:46:09.527758" elapsed="0.208282"/>
</kw>
<kw name="Click Button" owner="SeleniumLibrary">
<msg time="2026-04-04T11:46:09.737022" level="INFO">Clicking button 'id=login-button'.</msg>
<arg>${LOGINBTN}</arg>
<doc>Clicks the button identified by ``locator``.</doc>
<status status="PASS" start="2026-04-04T11:46:09.737022" elapsed="0.267076"/>
</kw>
<arg>user_creds=visual_user</arg>
<arg>pass_creds=secret_sauce</arg>
<status status="PASS" start="2026-04-04T11:46:09.227125" elapsed="0.776973"/>
</kw>
<kw name="CLose Applications" owner="common_resources" type="TEARDOWN">
<kw name="Close All Browsers" owner="SeleniumLibrary">
<doc>Closes all open browsers and resets the browser cache.</doc>
<status status="PASS" start="2026-04-04T11:46:10.006417" elapsed="6.706587"/>
</kw>
<status status="PASS" start="2026-04-04T11:46:10.005114" elapsed="6.707890"/>
</kw>
<doc>This test case is to perform data driven testing from excel</doc>
<tag>data_driven</tag>
<status status="PASS" start="2026-04-04T11:46:04.251367" elapsed="12.462656"/>
</test>
<status status="PASS" start="2026-04-04T11:44:53.940103" elapsed="82.775949"/>
</suite>
<status status="PASS" start="2026-04-04T11:44:53.936926" elapsed="82.781390"/>
</suite>
<status status="PASS" start="2026-04-04T11:44:53.836660" elapsed="82.884215"/>
</suite>
<statistics>
<total>
<stat pass="6" fail="0" skip="0">All Tests</stat>
</total>
<tag>
<stat pass="6" fail="0" skip="0">data_driven</stat>
</tag>
<suite>
<stat name="Sauce-Demo" id="s1" pass="6" fail="0" skip="0">Sauce-Demo</stat>
<stat name="Tests" id="s1-s1" pass="6" fail="0" skip="0">Sauce-Demo.Tests</stat>
<stat name="Test Datadriven Loginpage" id="s1-s1-s1" pass="6" fail="0" skip="0">Sauce-Demo.Tests.Test Datadriven Loginpage</stat>
</suite>
</statistics>
<errors>
<msg time="2026-04-04T11:45:09.436832" level="WARN">Multiple tests with name 'Excel Data Driven Testing' executed in suite 'Sauce-Demo.Tests.Test Datadriven Loginpage'.</msg>
<msg time="2026-04-04T11:45:21.915612" level="WARN">Multiple tests with name 'Excel Data Driven Testing' executed in suite 'Sauce-Demo.Tests.Test Datadriven Loginpage'.</msg>
<msg time="2026-04-04T11:45:34.447429" level="WARN">Multiple tests with name 'Excel Data Driven Testing' executed in suite 'Sauce-Demo.Tests.Test Datadriven Loginpage'.</msg>
<msg time="2026-04-04T11:45:51.726682" level="WARN">Multiple tests with name 'Excel Data Driven Testing' executed in suite 'Sauce-Demo.Tests.Test Datadriven Loginpage'.</msg>
<msg time="2026-04-04T11:46:04.251367" level="WARN">Multiple tests with name 'Excel Data Driven Testing' executed in suite 'Sauce-Demo.Tests.Test Datadriven Loginpage'.</msg>
</errors>
</robot>
