<?xml version="1.0" encoding="UTF-8"?>
<robot generator="Robot 7.4.2 (Python 3.12.5 on win32)" generated="2026-04-02T15:41:12.235565" rpa="false" schemaversion="5">
<suite id="s1" name="Test Login" source="C:\Users\BHAVRAJ SAIREM\Desktop\sauce-demo\tests\functional\test_login.robot">
<test id="s1-t1" name="TC02 Login User" line="9">
<kw name="Open Applications" owner="common_resources" type="SETUP">
<kw name="Open Browser" owner="SeleniumLibrary">
<msg time="2026-04-02T15:41:12.713479" level="INFO">Opening browser 'chrome' to base url 'https://sauce-demo.myshopify.com/account/login'.</msg>
<arg>${url}</arg>
<arg>${BROWSER}</arg>
<doc>Opens a new browser instance to the optional ``url``.</doc>
<status status="PASS" start="2026-04-02T15:41:12.713479" elapsed="11.235690"/>
</kw>
<kw name="Maximize Browser Window" owner="SeleniumLibrary">
<doc>Maximizes current browser window.</doc>
<status status="PASS" start="2026-04-02T15:41:23.950170" elapsed="0.040522"/>
</kw>
<arg>https://sauce-demo.myshopify.com/account/login</arg>
<doc>Opens the application</doc>
<status status="PASS" start="2026-04-02T15:41:12.713479" elapsed="11.277213"/>
</kw>
<kw name="log In To The Application" owner="login_page">
<kw name="Input Text" owner="SeleniumLibrary">
<msg time="2026-04-02T15:41:23.992688" level="INFO">Typing text 'tonylovescheeseburger@gmail.com' into text field 'xpath=//input[@id='customer_email']'.</msg>
<arg>${login_link}</arg>
<arg>${login_email}</arg>
<doc>Types the given ``text`` into the text field identified by ``locator``.</doc>
<status status="PASS" start="2026-04-02T15:41:23.991688" elapsed="0.213610"/>
</kw>
<kw name="Log" owner="BuiltIn">
<msg time="2026-04-02T15:41:24.207297" level="INFO">Entering login mail</msg>
<arg>Entering login mail</arg>
<doc>Logs the given message with the given level.</doc>
<status status="PASS" start="2026-04-02T15:41:24.206299" elapsed="0.000998"/>
</kw>
<kw name="Input Text" owner="SeleniumLibrary">
<msg time="2026-04-02T15:41:24.208300" level="INFO">Typing text 'password123' into text field 'xpath=//input[@id='customer_password']'.</msg>
<arg>${login_pw}</arg>
<arg>${pwd}</arg>
<doc>Types the given ``text`` into the text field identified by ``locator``.</doc>
<status status="PASS" start="2026-04-02T15:41:24.207297" elapsed="0.117589"/>
</kw>
<kw name="Log" owner="BuiltIn">
<msg time="2026-04-02T15:41:24.325883" level="INFO">Entering password</msg>
<arg>Entering password</arg>
<doc>Logs the given message with the given level.</doc>
<status status="PASS" start="2026-04-02T15:41:24.325883" elapsed="0.000000"/>
</kw>
<kw name="Click Element" owner="SeleniumLibrary">
<msg time="2026-04-02T15:41:24.326882" level="INFO">Clicking element 'xpath=//input[@value='Sign In']'.</msg>
<arg>${login_btn}</arg>
<doc>Click the element identified by ``locator``.</doc>
<status status="PASS" start="2026-04-02T15:41:24.325883" elapsed="0.202684"/>
</kw>
<kw name="Log" owner="BuiltIn">
<msg time="2026-04-02T15:41:24.529564" level="INFO">Clicking on login button</msg>
<arg>Clicking on login button</arg>
<doc>Logs the given message with the given level.</doc>
<status status="PASS" start="2026-04-02T15:41:24.529564" elapsed="0.000000"/>
</kw>
<arg>tonylovescheeseburger@gmail.com</arg>
<arg>password123</arg>
<doc>This is for loging in to the application</doc>
<status status="PASS" start="2026-04-02T15:41:23.991688" elapsed="0.537876"/>
</kw>
<kw name="CLose Applications" owner="common_resources" type="TEARDOWN">
<kw name="Close All Browsers" owner="SeleniumLibrary">
<doc>Closes all open browsers and resets the browser cache.</doc>
<status status="PASS" start="2026-04-02T15:41:24.530564" elapsed="6.577594"/>
</kw>
<status status="PASS" start="2026-04-02T15:41:24.530564" elapsed="6.577594"/>
</kw>
<doc>Checking if the user can login or not</doc>
<tag>functional</tag>
<status status="PASS" start="2026-04-02T15:41:12.713479" elapsed="18.395678"/>
</test>
<status status="PASS" start="2026-04-02T15:41:12.235565" elapsed="18.874573"/>
</suite>
<statistics>
<total>
<stat pass="1" fail="0" skip="0">All Tests</stat>
</total>
<tag>
<stat pass="1" fail="0" skip="0">functional</stat>
</tag>
<suite>
<stat name="Test Login" id="s1" pass="1" fail="0" skip="0">Test Login</stat>
</suite>
</statistics>
<errors>
</errors>
</robot>
