<?xml version="1.0" encoding="UTF-8"?>
<robot generator="Robot 7.4.2 (Python 3.12.5 on win32)" generated="2026-03-28T11:30:44.915744" rpa="false" schemaversion="5">
<suite id="s1" name="Day2 Codes" source="C:\Users\BHAVRAJ SAIREM\Desktop\robot_capg\Day12(28March)\day2_codes.robot">
<test id="s1-t1" name="Handle TA" line="35">
<kw name="Open Browser" owner="SeleniumLibrary">
<msg time="2026-03-28T11:30:45.528353" level="INFO">Opening browser 'chrome' to base url 'https://testautomationpractice.blogspot.com/'.</msg>
<arg>${url1}</arg>
<arg>chrome</arg>
<doc>Opens a new browser instance to the optional ``url``.</doc>
<status status="PASS" start="2026-03-28T11:30:45.528353" elapsed="7.139488"/>
</kw>
<kw name="Maximize Browser Window" owner="SeleniumLibrary">
<doc>Maximizes current browser window.</doc>
<status status="PASS" start="2026-03-28T11:30:52.668840" elapsed="0.057350"/>
</kw>
<kw name="Scroll Element Into View" owner="SeleniumLibrary">
<arg>xpath=//select[@id="colors"]</arg>
<doc>Scrolls the element identified by ``locator`` into view.</doc>
<status status="PASS" start="2026-03-28T11:30:52.727193" elapsed="0.332262"/>
</kw>
<kw name="Select From List By Value" owner="SeleniumLibrary">
<msg time="2026-03-28T11:30:53.060897" level="INFO">Selecting options from selection list 'id=colors' by value blue.</msg>
<arg>id=colors</arg>
<arg>blue</arg>
<doc>Selects options from selection list ``locator`` by ``values``.</doc>
<status status="PASS" start="2026-03-28T11:30:53.060897" elapsed="0.258100"/>
</kw>
<kw name="Select From List By Label" owner="SeleniumLibrary">
<msg time="2026-03-28T11:30:53.319981" level="INFO">Selecting options from selection list 'id=colors' by label Green.</msg>
<arg>id=colors</arg>
<arg>Green</arg>
<doc>Selects options from selection list ``locator`` by ``labels``.</doc>
<status status="PASS" start="2026-03-28T11:30:53.319981" elapsed="0.370883"/>
</kw>
<kw name="Get Selected List Labels" owner="SeleniumLibrary">
<msg time="2026-03-28T11:30:53.923952" level="INFO">${sel_options} = ['Blue', 'Green', 'Green']</msg>
<var>${sel_options}</var>
<arg>id=colors</arg>
<doc>Returns labels of selected options from selection list ``locator``.</doc>
<status status="PASS" start="2026-03-28T11:30:53.691901" elapsed="0.232051"/>
</kw>
<kw name="Log To Console" owner="BuiltIn">
<arg>${sel_options}</arg>
<doc>Logs the given message to the console.</doc>
<status status="PASS" start="2026-03-28T11:30:53.923952" elapsed="0.001062"/>
</kw>
<kw name="Sleep" owner="BuiltIn">
<msg time="2026-03-28T11:30:56.927247" level="INFO">Slept 3 seconds.</msg>
<arg>3s</arg>
<doc>Pauses the test executed for the given time.</doc>
<status status="PASS" start="2026-03-28T11:30:53.925995" elapsed="3.001252"/>
</kw>
<kw name="Close Browser" owner="SeleniumLibrary">
<doc>Closes the current browser.</doc>
<status status="PASS" start="2026-03-28T11:30:56.927247" elapsed="2.823919"/>
</kw>
<status status="PASS" start="2026-03-28T11:30:45.526318" elapsed="14.226858"/>
</test>
<doc>Day 2 codes</doc>
<status status="PASS" start="2026-03-28T11:30:44.919348" elapsed="14.833828"/>
</suite>
<statistics>
<total>
<stat pass="1" fail="0" skip="0">All Tests</stat>
</total>
<tag>
</tag>
<suite>
<stat name="Day2 Codes" id="s1" pass="1" fail="0" skip="0">Day2 Codes</stat>
</suite>
</statistics>
<errors>
</errors>
</robot>
