<?xml version="1.0" encoding="UTF-8"?>
<robot generator="Robot 7.4.2 (Python 3.12.5 on win32)" generated="2026-04-02T15:39:26.626431" rpa="false" schemaversion="5">
<suite id="s1" name="Test Login" source="C:\Users\BHAVRAJ SAIREM\Desktop\sauce-demo\tests\functional\test_login.robot">
<test id="s1-t1" name="TC01 Register User" line="9">
<kw name="Open Applications" owner="common_resources" type="SETUP">
<kw name="Open Browser" owner="SeleniumLibrary">
<msg time="2026-04-02T15:39:27.108215" level="INFO">Opening browser 'chrome' to base url 'https://sauce-demo.myshopify.com/account/login'.</msg>
<arg>${url}</arg>
<arg>${BROWSER}</arg>
<doc>Opens a new browser instance to the optional ``url``.</doc>
<status status="PASS" start="2026-04-02T15:39:27.108215" elapsed="36.300434"/>
</kw>
<kw name="Maximize Browser Window" owner="SeleniumLibrary">
<doc>Maximizes current browser window.</doc>
<status status="PASS" start="2026-04-02T15:40:03.408649" elapsed="0.039070"/>
</kw>
<arg>https://sauce-demo.myshopify.com/account/login</arg>
<doc>Opens the application</doc>
<status status="PASS" start="2026-04-02T15:39:27.104626" elapsed="36.344094"/>
</kw>
<kw name="log In To The Application" owner="login_page">
<kw name="Click Element" owner="SeleniumLibrary">
<msg time="2026-04-02T15:40:03.449720" level="INFO">Clicking element 'xpath=//input[@id='customer_email']' with tonylovescheeseburger@gmail.com.</msg>
<msg time="2026-04-02T15:40:03.727604" level="INFO" html="true">&lt;/td&gt;&lt;/tr&gt;&lt;tr&gt;&lt;td colspan="3"&gt;&lt;a href="selenium-screenshot-1.png"&gt;&lt;img src="selenium-screenshot-1.png" width="800px"&gt;&lt;/a&gt;</msg>
<msg time="2026-04-02T15:40:03.727604" level="FAIL">ValueError: 'TONYLOVESCHEESEBURGER@GMAIL.COM' modifier does not match to Selenium Keys</msg>
<arg>${login_link}</arg>
<arg>${login_email}</arg>
<doc>Click the element identified by ``locator``.</doc>
<status status="FAIL" start="2026-04-02T15:40:03.449720" elapsed="0.280877">ValueError: 'TONYLOVESCHEESEBURGER@GMAIL.COM' modifier does not match to Selenium Keys</status>
</kw>
<kw name="Log" owner="BuiltIn">
<arg>Clicking on log in link</arg>
<doc>Logs the given message with the given level.</doc>
<status status="NOT RUN" start="2026-04-02T15:40:03.730597" elapsed="0.000000"/>
</kw>
<kw name="Input Text" owner="SeleniumLibrary">
<arg>${login_pw}</arg>
<arg>${pwd}</arg>
<doc>Types the given ``text`` into the text field identified by ``locator``.</doc>
<status status="NOT RUN" start="2026-04-02T15:40:03.730597" elapsed="0.000000"/>
</kw>
<kw name="Log" owner="BuiltIn">
<arg>Entering password</arg>
<doc>Logs the given message with the given level.</doc>
<status status="NOT RUN" start="2026-04-02T15:40:03.731598" elapsed="0.000000"/>
</kw>
<kw name="Click Element" owner="SeleniumLibrary">
<arg>${login_btn}</arg>
<doc>Click the element identified by ``locator``.</doc>
<status status="NOT RUN" start="2026-04-02T15:40:03.731598" elapsed="0.000000"/>
</kw>
<kw name="Log" owner="BuiltIn">
<arg>Clicking on login button</arg>
<doc>Logs the given message with the given level.</doc>
<status status="NOT RUN" start="2026-04-02T15:40:03.731598" elapsed="0.000000"/>
</kw>
<arg>tonylovescheeseburger@gmail.com</arg>
<arg>password123</arg>
<doc>This is for loging in to the application</doc>
<status status="FAIL" start="2026-04-02T15:40:03.448720" elapsed="0.282878">ValueError: 'TONYLOVESCHEESEBURGER@GMAIL.COM' modifier does not match to Selenium Keys</status>
</kw>
<kw name="CLose Applications" owner="common_resources" type="TEARDOWN">
<kw name="Close All Browsers" owner="SeleniumLibrary">
<doc>Closes all open browsers and resets the browser cache.</doc>
<status status="PASS" start="2026-04-02T15:40:03.732599" elapsed="6.535287"/>
</kw>
<status status="PASS" start="2026-04-02T15:40:03.732599" elapsed="6.535287"/>
</kw>
<doc>Checking if the user can login or not</doc>
<tag>functional</tag>
<status status="FAIL" start="2026-04-02T15:39:27.104626" elapsed="43.163260">ValueError: 'TONYLOVESCHEESEBURGER@GMAIL.COM' modifier does not match to Selenium Keys</status>
</test>
<status status="FAIL" start="2026-04-02T15:39:26.628940" elapsed="43.640952"/>
</suite>
<statistics>
<total>
<stat pass="0" fail="1" skip="0">All Tests</stat>
</total>
<tag>
<stat pass="0" fail="1" skip="0">functional</stat>
</tag>
<suite>
<stat name="Test Login" id="s1" pass="0" fail="1" skip="0">Test Login</stat>
</suite>
</statistics>
<errors>
</errors>
</robot>
