<?xml version="1.0" encoding="UTF-8"?>
<robot generator="Robot 7.4.2 (Python 3.12.5 on win32)" generated="2026-04-02T15:17:49.357924" rpa="false" schemaversion="5">
<suite id="s1" name="Test Sign Up" source="C:\Users\BHAVRAJ SAIREM\Desktop\sauce-demo\tests\functional\test_sign_up.robot">
<test id="s1-t1" name="TC01 Register User" line="17">
<kw name="Open Applications" owner="common_resources" type="SETUP">
<kw name="Open Browser" owner="SeleniumLibrary">
<msg time="2026-04-02T15:17:50.052702" level="INFO">Opening browser 'chrome' to base url 'https://sauce-demo.myshopify.com/'.</msg>
<arg>${url}</arg>
<arg>${BROWSER}</arg>
<doc>Opens a new browser instance to the optional ``url``.</doc>
<status status="PASS" start="2026-04-02T15:17:50.052702" elapsed="5.391153"/>
</kw>
<kw name="Maximize Browser Window" owner="SeleniumLibrary">
<doc>Maximizes current browser window.</doc>
<status status="PASS" start="2026-04-02T15:17:55.445316" elapsed="0.046763"/>
</kw>
<arg>https://sauce-demo.myshopify.com/</arg>
<doc>Opens the application</doc>
<status status="PASS" start="2026-04-02T15:17:50.051312" elapsed="5.440767"/>
</kw>
<kw name="Sign Up To The Application" owner="sign_up_page">
<kw name="Click Element" owner="SeleniumLibrary">
<msg time="2026-04-02T15:17:55.495595" level="INFO">Clicking element 'xpath=(//a[@id="customer_register_link"])[1]'.</msg>
<arg>${sign_up_link}</arg>
<doc>Click the element identified by ``locator``.</doc>
<status status="PASS" start="2026-04-02T15:17:55.494525" elapsed="1.305786"/>
</kw>
<kw name="Log" owner="BuiltIn">
<msg time="2026-04-02T15:17:56.800311" level="INFO">Clicking on sign up link</msg>
<arg>Clicking on sign up link</arg>
<doc>Logs the given message with the given level.</doc>
<status status="PASS" start="2026-04-02T15:17:56.800311" elapsed="0.001470"/>
</kw>
<kw name="Input Text" owner="SeleniumLibrary">
<msg time="2026-04-02T15:17:56.801781" level="INFO">Typing text 'Tony' into text field '//input[@id="first_name"]'.</msg>
<arg>${first_name_field}</arg>
<arg>${first_name}</arg>
<doc>Types the given ``text`` into the text field identified by ``locator``.</doc>
<status status="PASS" start="2026-04-02T15:17:56.801781" elapsed="0.308428"/>
</kw>
<kw name="Log" owner="BuiltIn">
<msg time="2026-04-02T15:17:57.111588" level="INFO">Entering first name</msg>
<arg>Entering first name</arg>
<doc>Logs the given message with the given level.</doc>
<status status="PASS" start="2026-04-02T15:17:57.110209" elapsed="0.001379"/>
</kw>
<kw name="Input Text" owner="SeleniumLibrary">
<msg time="2026-04-02T15:17:57.111588" level="INFO">Typing text 'Stark' into text field '//input[@id="last_name"]'.</msg>
<arg>${last_name_field}</arg>
<arg>${last_name}</arg>
<doc>Types the given ``text`` into the text field identified by ``locator``.</doc>
<status status="PASS" start="2026-04-02T15:17:57.111588" elapsed="0.293602"/>
</kw>
<kw name="Log" owner="BuiltIn">
<msg time="2026-04-02T15:17:57.406208" level="INFO">Entering last name</msg>
<arg>Entering last name</arg>
<doc>Logs the given message with the given level.</doc>
<status status="PASS" start="2026-04-02T15:17:57.405190" elapsed="0.001018"/>
</kw>
<kw name="Input Text" owner="SeleniumLibrary">
<msg time="2026-04-02T15:17:57.407207" level="INFO">Typing text 'tonylovescheeseburger@gmail.com' into text field '//input[@id="last_name"]'.</msg>
<arg>${email_field}</arg>
<arg>${email}</arg>
<doc>Types the given ``text`` into the text field identified by ``locator``.</doc>
<status status="PASS" start="2026-04-02T15:17:57.407207" elapsed="1.009878"/>
</kw>
<kw name="Log" owner="BuiltIn">
<msg time="2026-04-02T15:17:58.419080" level="INFO">Entering email id</msg>
<arg>Entering email id</arg>
<doc>Logs the given message with the given level.</doc>
<status status="PASS" start="2026-04-02T15:17:58.418078" elapsed="0.001002"/>
</kw>
<kw name="Input Text" owner="SeleniumLibrary">
<msg time="2026-04-02T15:17:58.420085" level="INFO">Typing text 'password123' into text field '//input[@id="password"]'.</msg>
<arg>${pwd_field}</arg>
<arg>${pwd}</arg>
<doc>Types the given ``text`` into the text field identified by ``locator``.</doc>
<status status="PASS" start="2026-04-02T15:17:58.419080" elapsed="0.233301"/>
</kw>
<kw name="Log" owner="BuiltIn">
<msg time="2026-04-02T15:17:58.653411" level="INFO">Entering password</msg>
<arg>Entering password</arg>
<doc>Logs the given message with the given level.</doc>
<status status="PASS" start="2026-04-02T15:17:58.652381" elapsed="0.001030"/>
</kw>
<kw name="Click Element" owner="SeleniumLibrary">
<msg time="2026-04-02T15:17:58.654432" level="INFO">Clicking element '//input[@type="submit"]'.</msg>
<arg>${create_btn}</arg>
<doc>Click the element identified by ``locator``.</doc>
<status status="PASS" start="2026-04-02T15:17:58.653411" elapsed="0.552647"/>
</kw>
<kw name="Log" owner="BuiltIn">
<msg time="2026-04-02T15:17:59.207058" level="INFO">Clicking on create button</msg>
<arg>Clicking on create button</arg>
<doc>Logs the given message with the given level.</doc>
<status status="PASS" start="2026-04-02T15:17:59.207058" elapsed="0.000000"/>
</kw>
<arg>Tony</arg>
<arg>Stark</arg>
<arg>tonylovescheeseburger@gmail.com</arg>
<arg>password123</arg>
<doc>This is for signing up to the application</doc>
<status status="PASS" start="2026-04-02T15:17:55.493388" elapsed="3.714670"/>
</kw>
<kw name="CLose Applications" owner="common_resources" type="TEARDOWN">
<kw name="Close All Browsers" owner="SeleniumLibrary">
<doc>Closes all open browsers and resets the browser cache.</doc>
<status status="PASS" start="2026-04-02T15:17:59.209058" elapsed="6.843511"/>
</kw>
<status status="PASS" start="2026-04-02T15:17:59.209058" elapsed="6.843511"/>
</kw>
<doc>Checking if the user can register or not</doc>
<tag>functional</tag>
<status status="PASS" start="2026-04-02T15:17:50.048797" elapsed="16.004919"/>
</test>
<status status="PASS" start="2026-04-02T15:17:49.361927" elapsed="16.694114"/>
</suite>
<statistics>
<total>
<stat pass="1" fail="0" skip="0">All Tests</stat>
</total>
<tag>
<stat pass="1" fail="0" skip="0">functional</stat>
</tag>
<suite>
<stat name="Test Sign Up" id="s1" pass="1" fail="0" skip="0">Test Sign Up</stat>
</suite>
</statistics>
<errors>
</errors>
</robot>
